Analysis & Synthesis report for Lab4
Tue Nov 28 15:08:05 2017
Quartus II 64-Bit Version 13.0.1 Build 232 06/12/2013 Service Pack 1 SJ Web Edition


---------------------
; Table of Contents ;
---------------------
  1. Legal Notice
  2. Analysis & Synthesis Summary
  3. Analysis & Synthesis Settings
  4. Parallel Compilation
  5. Analysis & Synthesis Source Files Read
  6. Analysis & Synthesis Resource Usage Summary
  7. Analysis & Synthesis Resource Utilization by Entity
  8. Analysis & Synthesis RAM Summary
  9. Analysis & Synthesis IP Cores Summary
 10. General Register Statistics
 11. Multiplexer Restructuring Statistics (Restructuring Performed)
 12. Source assignments for ram256x8:104|lpm_ram_dq:lpm_ram_dq_component|altram:sram|altsyncram:ram_block|altsyncram_7pa1:auto_generated
 13. Parameter Settings for User Entity Instance: ram256x8:104|lpm_ram_dq:lpm_ram_dq_component
 14. Parameter Settings for User Entity Instance: alu8bits:47|alu1bit:9|81mux:1
 15. Parameter Settings for User Entity Instance: alu8bits:47|alu1bit:10|81mux:1
 16. Parameter Settings for User Entity Instance: alu8bits:47|alu1bit:11|81mux:1
 17. Parameter Settings for User Entity Instance: alu8bits:47|alu1bit:12|81mux:1
 18. Parameter Settings for User Entity Instance: alu8bits:47|alu1bit:16|81mux:1
 19. Parameter Settings for User Entity Instance: alu8bits:47|alu1bit:15|81mux:1
 20. Parameter Settings for User Entity Instance: alu8bits:47|alu1bit:14|81mux:1
 21. Parameter Settings for User Entity Instance: alu8bits:47|alu1bit:13|81mux:1
 22. Elapsed Time Per Partition
 23. Analysis & Synthesis Messages



----------------
; Legal Notice ;
----------------
Copyright (C) 1991-2013 Altera Corporation
Your use of Altera Corporation's design tools, logic functions 
and other software and tools, and its AMPP partner logic 
functions, and any output files from any of the foregoing 
(including device programming or simulation files), and any 
associated documentation or information are expressly subject 
to the terms and conditions of the Altera Program License 
Subscription Agreement, Altera MegaCore Function License 
Agreement, or other applicable license agreement, including, 
without limitation, that your use is for the sole purpose of 
programming logic devices manufactured by Altera and sold by 
Altera or its authorized distributors.  Please refer to the 
applicable agreement for further details.



+--------------------------------------------------------------------------------------+
; Analysis & Synthesis Summary                                                         ;
+------------------------------------+-------------------------------------------------+
; Analysis & Synthesis Status        ; Successful - Tue Nov 28 15:08:05 2017           ;
; Quartus II 64-Bit Version          ; 13.0.1 Build 232 06/12/2013 SP 1 SJ Web Edition ;
; Revision Name                      ; Lab4                                            ;
; Top-level Entity Name              ; lab3top                                         ;
; Family                             ; Cyclone IV E                                    ;
; Total logic elements               ; 240                                             ;
;     Total combinational functions  ; 216                                             ;
;     Dedicated logic registers      ; 80                                              ;
; Total registers                    ; 80                                              ;
; Total pins                         ; 62                                              ;
; Total virtual pins                 ; 0                                               ;
; Total memory bits                  ; 2,048                                           ;
; Embedded Multiplier 9-bit elements ; 0                                               ;
; Total PLLs                         ; 0                                               ;
+------------------------------------+-------------------------------------------------+


+----------------------------------------------------------------------------------------------------------------------+
; Analysis & Synthesis Settings                                                                                        ;
+----------------------------------------------------------------------------+--------------------+--------------------+
; Option                                                                     ; Setting            ; Default Value      ;
+----------------------------------------------------------------------------+--------------------+--------------------+
; Device                                                                     ; EP4CE115F29C7      ;                    ;
; Top-level entity name                                                      ; lab3top            ; Lab4               ;
; Family name                                                                ; Cyclone IV E       ; Cyclone IV GX      ;
; Use smart compilation                                                      ; Off                ; Off                ;
; Enable parallel Assembler and TimeQuest Timing Analyzer during compilation ; On                 ; On                 ;
; Enable compact report table                                                ; Off                ; Off                ;
; Restructure Multiplexers                                                   ; Auto               ; Auto               ;
; Create Debugging Nodes for IP Cores                                        ; Off                ; Off                ;
; Preserve fewer node names                                                  ; On                 ; On                 ;
; Disable OpenCore Plus hardware evaluation                                  ; Off                ; Off                ;
; Verilog Version                                                            ; Verilog_2001       ; Verilog_2001       ;
; VHDL Version                                                               ; VHDL_1993          ; VHDL_1993          ;
; State Machine Processing                                                   ; Auto               ; Auto               ;
; Safe State Machine                                                         ; Off                ; Off                ;
; Extract Verilog State Machines                                             ; On                 ; On                 ;
; Extract VHDL State Machines                                                ; On                 ; On                 ;
; Ignore Verilog initial constructs                                          ; Off                ; Off                ;
; Iteration limit for constant Verilog loops                                 ; 5000               ; 5000               ;
; Iteration limit for non-constant Verilog loops                             ; 250                ; 250                ;
; Add Pass-Through Logic to Inferred RAMs                                    ; On                 ; On                 ;
; Infer RAMs from Raw Logic                                                  ; On                 ; On                 ;
; Parallel Synthesis                                                         ; On                 ; On                 ;
; DSP Block Balancing                                                        ; Auto               ; Auto               ;
; NOT Gate Push-Back                                                         ; On                 ; On                 ;
; Power-Up Don't Care                                                        ; On                 ; On                 ;
; Remove Redundant Logic Cells                                               ; Off                ; Off                ;
; Remove Duplicate Registers                                                 ; On                 ; On                 ;
; Ignore CARRY Buffers                                                       ; Off                ; Off                ;
; Ignore CASCADE Buffers                                                     ; Off                ; Off                ;
; Ignore GLOBAL Buffers                                                      ; Off                ; Off                ;
; Ignore ROW GLOBAL Buffers                                                  ; Off                ; Off                ;
; Ignore LCELL Buffers                                                       ; Off                ; Off                ;
; Ignore SOFT Buffers                                                        ; On                 ; On                 ;
; Limit AHDL Integers to 32 Bits                                             ; Off                ; Off                ;
; Optimization Technique                                                     ; Balanced           ; Balanced           ;
; Carry Chain Length                                                         ; 70                 ; 70                 ;
; Auto Carry Chains                                                          ; On                 ; On                 ;
; Auto Open-Drain Pins                                                       ; On                 ; On                 ;
; Perform WYSIWYG Primitive Resynthesis                                      ; Off                ; Off                ;
; Auto ROM Replacement                                                       ; On                 ; On                 ;
; Auto RAM Replacement                                                       ; On                 ; On                 ;
; Auto DSP Block Replacement                                                 ; On                 ; On                 ;
; Auto Shift Register Replacement                                            ; Auto               ; Auto               ;
; Allow Shift Register Merging across Hierarchies                            ; Auto               ; Auto               ;
; Auto Clock Enable Replacement                                              ; On                 ; On                 ;
; Strict RAM Replacement                                                     ; Off                ; Off                ;
; Allow Synchronous Control Signals                                          ; On                 ; On                 ;
; Force Use of Synchronous Clear Signals                                     ; Off                ; Off                ;
; Auto RAM Block Balancing                                                   ; On                 ; On                 ;
; Auto RAM to Logic Cell Conversion                                          ; Off                ; Off                ;
; Auto Resource Sharing                                                      ; Off                ; Off                ;
; Allow Any RAM Size For Recognition                                         ; Off                ; Off                ;
; Allow Any ROM Size For Recognition                                         ; Off                ; Off                ;
; Allow Any Shift Register Size For Recognition                              ; Off                ; Off                ;
; Use LogicLock Constraints during Resource Balancing                        ; On                 ; On                 ;
; Ignore translate_off and synthesis_off directives                          ; Off                ; Off                ;
; Timing-Driven Synthesis                                                    ; On                 ; On                 ;
; Report Parameter Settings                                                  ; On                 ; On                 ;
; Report Source Assignments                                                  ; On                 ; On                 ;
; Report Connectivity Checks                                                 ; On                 ; On                 ;
; Ignore Maximum Fan-Out Assignments                                         ; Off                ; Off                ;
; Synchronization Register Chain Length                                      ; 2                  ; 2                  ;
; PowerPlay Power Optimization                                               ; Normal compilation ; Normal compilation ;
; HDL message level                                                          ; Level2             ; Level2             ;
; Suppress Register Optimization Related Messages                            ; Off                ; Off                ;
; Number of Removed Registers Reported in Synthesis Report                   ; 5000               ; 5000               ;
; Number of Swept Nodes Reported in Synthesis Report                         ; 5000               ; 5000               ;
; Number of Inverted Registers Reported in Synthesis Report                  ; 100                ; 100                ;
; Clock MUX Protection                                                       ; On                 ; On                 ;
; Auto Gated Clock Conversion                                                ; Off                ; Off                ;
; Block Design Naming                                                        ; Auto               ; Auto               ;
; SDC constraint protection                                                  ; Off                ; Off                ;
; Synthesis Effort                                                           ; Auto               ; Auto               ;
; Shift Register Replacement - Allow Asynchronous Clear Signal               ; On                 ; On                 ;
; Pre-Mapping Resynthesis Optimization                                       ; Off                ; Off                ;
; Analysis & Synthesis Message Level                                         ; Medium             ; Medium             ;
; Disable Register Merging Across Hierarchies                                ; Auto               ; Auto               ;
; Resource Aware Inference For Block RAM                                     ; On                 ; On                 ;
; Synthesis Seed                                                             ; 1                  ; 1                  ;
+----------------------------------------------------------------------------+--------------------+--------------------+


Parallel compilation was disabled, but you have multiple processors available. Enable parallel compilation to reduce compilation time.
+-------------------------------------+
; Parallel Compilation                ;
+----------------------------+--------+
; Processors                 ; Number ;
+----------------------------+--------+
; Number detected on machine ; 2      ;
; Maximum allowed            ; 1      ;
+----------------------------+--------+


+------------------------------------------------------------------------------------------------------------------------------------------------------------------------------------+
; Analysis & Synthesis Source Files Read                                                                                                                                             ;
+----------------------------------+-----------------+------------------------------------+--------------------------------------------------------------------------------+---------+
; File Name with User-Entered Path ; Used in Netlist ; File Type                          ; File Name with Absolute Path                                                   ; Library ;
+----------------------------------+-----------------+------------------------------------+--------------------------------------------------------------------------------+---------+
; ../Lab4/lab3controller.bdf       ; yes             ; User Block Diagram/Schematic File  ; C:/Users/iDarkDuck/Desktop/Software Prelab/Lab4/lab3controller.bdf             ;         ;
; ../Lab4/sevensegcontroller.bdf   ; yes             ; User Block Diagram/Schematic File  ; C:/Users/iDarkDuck/Desktop/Software Prelab/Lab4/sevensegcontroller.bdf         ;         ;
; ../Lab4/seg7.vhd                 ; yes             ; User VHDL File                     ; C:/Users/iDarkDuck/Desktop/Software Prelab/Lab4/seg7.vhd                       ;         ;
; ../Lab4/register8bits.bdf        ; yes             ; User Block Diagram/Schematic File  ; C:/Users/iDarkDuck/Desktop/Software Prelab/Lab4/register8bits.bdf              ;         ;
; ../Lab4/register1bit.bdf         ; yes             ; User Block Diagram/Schematic File  ; C:/Users/iDarkDuck/Desktop/Software Prelab/Lab4/register1bit.bdf               ;         ;
; ../Lab4/ram256x8.vhd             ; yes             ; User Wizard-Generated File         ; C:/Users/iDarkDuck/Desktop/Software Prelab/Lab4/ram256x8.vhd                   ;         ;
; ../Lab4/partialadder1bit.bdf     ; yes             ; User Block Diagram/Schematic File  ; C:/Users/iDarkDuck/Desktop/Software Prelab/Lab4/partialadder1bit.bdf           ;         ;
; ../Lab4/lab3top.bdf              ; yes             ; User Block Diagram/Schematic File  ; C:/Users/iDarkDuck/Desktop/Software Prelab/Lab4/lab3top.bdf                    ;         ;
; ../Lab4/counter8bits.bdf         ; yes             ; User Block Diagram/Schematic File  ; C:/Users/iDarkDuck/Desktop/Software Prelab/Lab4/counter8bits.bdf               ;         ;
; ../Lab4/counter4bits.bdf         ; yes             ; User Block Diagram/Schematic File  ; C:/Users/iDarkDuck/Desktop/Software Prelab/Lab4/counter4bits.bdf               ;         ;
; ../Lab4/counter1bit.bdf          ; yes             ; User Block Diagram/Schematic File  ; C:/Users/iDarkDuck/Desktop/Software Prelab/Lab4/counter1bit.bdf                ;         ;
; ../Lab4/controlregister.bdf      ; yes             ; User Block Diagram/Schematic File  ; C:/Users/iDarkDuck/Desktop/Software Prelab/Lab4/controlregister.bdf            ;         ;
; ../Lab4/busmultiplexer.vhd       ; yes             ; User VHDL File                     ; C:/Users/iDarkDuck/Desktop/Software Prelab/Lab4/busmultiplexer.vhd             ;         ;
; ../Lab4/alu8bits.bdf             ; yes             ; User Block Diagram/Schematic File  ; C:/Users/iDarkDuck/Desktop/Software Prelab/Lab4/alu8bits.bdf                   ;         ;
; ../Lab4/alu1bit.bdf              ; yes             ; User Block Diagram/Schematic File  ; C:/Users/iDarkDuck/Desktop/Software Prelab/Lab4/alu1bit.bdf                    ;         ;
; memorycontents8.mif              ; yes             ; User Memory Initialization File    ; C:/Users/iDarkDuck/Desktop/Software Prelab/LAB4Complete/memorycontents8.mif    ;         ;
; lpm_ram_dq.tdf                   ; yes             ; Megafunction                       ; c:/altera/13.0sp1/quartus/libraries/megafunctions/lpm_ram_dq.tdf               ;         ;
; altram.inc                       ; yes             ; Megafunction                       ; c:/altera/13.0sp1/quartus/libraries/megafunctions/altram.inc                   ;         ;
; lpm_mux.inc                      ; yes             ; Megafunction                       ; c:/altera/13.0sp1/quartus/libraries/megafunctions/lpm_mux.inc                  ;         ;
; lpm_decode.inc                   ; yes             ; Megafunction                       ; c:/altera/13.0sp1/quartus/libraries/megafunctions/lpm_decode.inc               ;         ;
; aglobal130.inc                   ; yes             ; Megafunction                       ; c:/altera/13.0sp1/quartus/libraries/megafunctions/aglobal130.inc               ;         ;
; altram.tdf                       ; yes             ; Megafunction                       ; c:/altera/13.0sp1/quartus/libraries/megafunctions/altram.tdf                   ;         ;
; memmodes.inc                     ; yes             ; Megafunction                       ; c:/altera/13.0sp1/quartus/libraries/others/maxplus2/memmodes.inc               ;         ;
; altsyncram.inc                   ; yes             ; Megafunction                       ; c:/altera/13.0sp1/quartus/libraries/megafunctions/altsyncram.inc               ;         ;
; altsyncram.tdf                   ; yes             ; Megafunction                       ; c:/altera/13.0sp1/quartus/libraries/megafunctions/altsyncram.tdf               ;         ;
; stratix_ram_block.inc            ; yes             ; Megafunction                       ; c:/altera/13.0sp1/quartus/libraries/megafunctions/stratix_ram_block.inc        ;         ;
; a_rdenreg.inc                    ; yes             ; Megafunction                       ; c:/altera/13.0sp1/quartus/libraries/megafunctions/a_rdenreg.inc                ;         ;
; altrom.inc                       ; yes             ; Megafunction                       ; c:/altera/13.0sp1/quartus/libraries/megafunctions/altrom.inc                   ;         ;
; altdpram.inc                     ; yes             ; Megafunction                       ; c:/altera/13.0sp1/quartus/libraries/megafunctions/altdpram.inc                 ;         ;
; db/altsyncram_7pa1.tdf           ; yes             ; Auto-Generated Megafunction        ; C:/Users/iDarkDuck/Desktop/Software Prelab/LAB4Complete/db/altsyncram_7pa1.tdf ;         ;
; 81mux.tdf                        ; yes             ; Megafunction                       ; c:/altera/13.0sp1/quartus/libraries/others/maxplus2/81mux.tdf                  ;         ;
; aglobal.inc                      ; yes             ; Megafunction                       ; c:/altera/13.0sp1/quartus/libraries/megafunctions/aglobal.inc                  ;         ;
; f81mux.bdf                       ; yes             ; Megafunction                       ; c:/altera/13.0sp1/quartus/libraries/others/maxplus2/f81mux.bdf                 ;         ;
; 74182.bdf                        ; yes             ; Megafunction                       ; c:/altera/13.0sp1/quartus/libraries/others/maxplus2/74182.bdf                  ;         ;
; 16dmux.bdf                       ; yes             ; Megafunction                       ; c:/altera/13.0sp1/quartus/libraries/others/maxplus2/16dmux.bdf                 ;         ;
+----------------------------------+-----------------+------------------------------------+--------------------------------------------------------------------------------+---------+


+---------------------------------------------------------+
; Analysis & Synthesis Resource Usage Summary             ;
+---------------------------------------------+-----------+
; Resource                                    ; Usage     ;
+---------------------------------------------+-----------+
; Estimated Total logic elements              ; 240       ;
;                                             ;           ;
; Total combinational functions               ; 216       ;
; Logic element usage by number of LUT inputs ;           ;
;     -- 4 input functions                    ; 151       ;
;     -- 3 input functions                    ; 46        ;
;     -- <=2 input functions                  ; 19        ;
;                                             ;           ;
; Logic elements by mode                      ;           ;
;     -- normal mode                          ; 216       ;
;     -- arithmetic mode                      ; 0         ;
;                                             ;           ;
; Total registers                             ; 80        ;
;     -- Dedicated logic registers            ; 80        ;
;     -- I/O registers                        ; 0         ;
;                                             ;           ;
; I/O pins                                    ; 62        ;
; Total memory bits                           ; 2048      ;
; Embedded Multiplier 9-bit elements          ; 0         ;
; Maximum fan-out node                        ; clk~input ;
; Maximum fan-out                             ; 88        ;
; Total fan-out                               ; 1172      ;
; Average fan-out                             ; 2.74      ;
+---------------------------------------------+-----------+


+----------------------------------------------------------------------------------------------------------------------------------------------------------------------------------------------------------------------------------------------------------------------------------------------------+
; Analysis & Synthesis Resource Utilization by Entity                                                                                                                                                                                                                                                ;
+-------------------------------------------------+-------------------+--------------+-------------+--------------+---------+-----------+------+--------------+-----------------------------------------------------------------------------------------------------------------------+--------------+
; Compilation Hierarchy Node                      ; LC Combinationals ; LC Registers ; Memory Bits ; DSP Elements ; DSP 9x9 ; DSP 18x18 ; Pins ; Virtual Pins ; Full Hierarchy Name                                                                                                   ; Library Name ;
+-------------------------------------------------+-------------------+--------------+-------------+--------------+---------+-----------+------+--------------+-----------------------------------------------------------------------------------------------------------------------+--------------+
; |lab3top                                        ; 216 (0)           ; 80 (0)       ; 2048        ; 0            ; 0       ; 0         ; 62   ; 0            ; |lab3top                                                                                                              ; work         ;
;    |16dmux:99|                                  ; 9 (9)             ; 0 (0)        ; 0           ; 0            ; 0       ; 0         ; 0    ; 0            ; |lab3top|16dmux:99                                                                                                    ; work         ;
;    |alu8bits:47|                                ; 51 (5)            ; 0 (0)        ; 0           ; 0            ; 0       ; 0         ; 0    ; 0            ; |lab3top|alu8bits:47                                                                                                  ; work         ;
;       |74182:21|                                ; 1 (1)             ; 0 (0)        ; 0           ; 0            ; 0       ; 0         ; 0    ; 0            ; |lab3top|alu8bits:47|74182:21                                                                                         ; work         ;
;       |74182:2|                                 ; 3 (3)             ; 0 (0)        ; 0           ; 0            ; 0       ; 0         ; 0    ; 0            ; |lab3top|alu8bits:47|74182:2                                                                                          ; work         ;
;       |alu1bit:10|                              ; 6 (0)             ; 0 (0)        ; 0           ; 0            ; 0       ; 0         ; 0    ; 0            ; |lab3top|alu8bits:47|alu1bit:10                                                                                       ; work         ;
;          |81mux:1|                              ; 4 (0)             ; 0 (0)        ; 0           ; 0            ; 0       ; 0         ; 0    ; 0            ; |lab3top|alu8bits:47|alu1bit:10|81mux:1                                                                               ; work         ;
;             |f81mux:sub|                        ; 4 (4)             ; 0 (0)        ; 0           ; 0            ; 0       ; 0         ; 0    ; 0            ; |lab3top|alu8bits:47|alu1bit:10|81mux:1|f81mux:sub                                                                    ; work         ;
;          |partialadder1bit:21|                  ; 2 (2)             ; 0 (0)        ; 0           ; 0            ; 0       ; 0         ; 0    ; 0            ; |lab3top|alu8bits:47|alu1bit:10|partialadder1bit:21                                                                   ; work         ;
;       |alu1bit:11|                              ; 6 (1)             ; 0 (0)        ; 0           ; 0            ; 0       ; 0         ; 0    ; 0            ; |lab3top|alu8bits:47|alu1bit:11                                                                                       ; work         ;
;          |81mux:1|                              ; 5 (0)             ; 0 (0)        ; 0           ; 0            ; 0       ; 0         ; 0    ; 0            ; |lab3top|alu8bits:47|alu1bit:11|81mux:1                                                                               ; work         ;
;             |f81mux:sub|                        ; 5 (5)             ; 0 (0)        ; 0           ; 0            ; 0       ; 0         ; 0    ; 0            ; |lab3top|alu8bits:47|alu1bit:11|81mux:1|f81mux:sub                                                                    ; work         ;
;       |alu1bit:12|                              ; 4 (0)             ; 0 (0)        ; 0           ; 0            ; 0       ; 0         ; 0    ; 0            ; |lab3top|alu8bits:47|alu1bit:12                                                                                       ; work         ;
;          |81mux:1|                              ; 3 (0)             ; 0 (0)        ; 0           ; 0            ; 0       ; 0         ; 0    ; 0            ; |lab3top|alu8bits:47|alu1bit:12|81mux:1                                                                               ; work         ;
;             |f81mux:sub|                        ; 3 (3)             ; 0 (0)        ; 0           ; 0            ; 0       ; 0         ; 0    ; 0            ; |lab3top|alu8bits:47|alu1bit:12|81mux:1|f81mux:sub                                                                    ; work         ;
;          |partialadder1bit:21|                  ; 1 (1)             ; 0 (0)        ; 0           ; 0            ; 0       ; 0         ; 0    ; 0            ; |lab3top|alu8bits:47|alu1bit:12|partialadder1bit:21                                                                   ; work         ;
;       |alu1bit:13|                              ; 9 (0)             ; 0 (0)        ; 0           ; 0            ; 0       ; 0         ; 0    ; 0            ; |lab3top|alu8bits:47|alu1bit:13                                                                                       ; work         ;
;          |81mux:1|                              ; 6 (0)             ; 0 (0)        ; 0           ; 0            ; 0       ; 0         ; 0    ; 0            ; |lab3top|alu8bits:47|alu1bit:13|81mux:1                                                                               ; work         ;
;             |f81mux:sub|                        ; 6 (6)             ; 0 (0)        ; 0           ; 0            ; 0       ; 0         ; 0    ; 0            ; |lab3top|alu8bits:47|alu1bit:13|81mux:1|f81mux:sub                                                                    ; work         ;
;          |partialadder1bit:21|                  ; 3 (3)             ; 0 (0)        ; 0           ; 0            ; 0       ; 0         ; 0    ; 0            ; |lab3top|alu8bits:47|alu1bit:13|partialadder1bit:21                                                                   ; work         ;
;       |alu1bit:14|                              ; 7 (0)             ; 0 (0)        ; 0           ; 0            ; 0       ; 0         ; 0    ; 0            ; |lab3top|alu8bits:47|alu1bit:14                                                                                       ; work         ;
;          |81mux:1|                              ; 5 (0)             ; 0 (0)        ; 0           ; 0            ; 0       ; 0         ; 0    ; 0            ; |lab3top|alu8bits:47|alu1bit:14|81mux:1                                                                               ; work         ;
;             |f81mux:sub|                        ; 5 (5)             ; 0 (0)        ; 0           ; 0            ; 0       ; 0         ; 0    ; 0            ; |lab3top|alu8bits:47|alu1bit:14|81mux:1|f81mux:sub                                                                    ; work         ;
;          |partialadder1bit:21|                  ; 2 (2)             ; 0 (0)        ; 0           ; 0            ; 0       ; 0         ; 0    ; 0            ; |lab3top|alu8bits:47|alu1bit:14|partialadder1bit:21                                                                   ; work         ;
;       |alu1bit:15|                              ; 5 (0)             ; 0 (0)        ; 0           ; 0            ; 0       ; 0         ; 0    ; 0            ; |lab3top|alu8bits:47|alu1bit:15                                                                                       ; work         ;
;          |81mux:1|                              ; 3 (0)             ; 0 (0)        ; 0           ; 0            ; 0       ; 0         ; 0    ; 0            ; |lab3top|alu8bits:47|alu1bit:15|81mux:1                                                                               ; work         ;
;             |f81mux:sub|                        ; 3 (3)             ; 0 (0)        ; 0           ; 0            ; 0       ; 0         ; 0    ; 0            ; |lab3top|alu8bits:47|alu1bit:15|81mux:1|f81mux:sub                                                                    ; work         ;
;          |partialadder1bit:21|                  ; 2 (2)             ; 0 (0)        ; 0           ; 0            ; 0       ; 0         ; 0    ; 0            ; |lab3top|alu8bits:47|alu1bit:15|partialadder1bit:21                                                                   ; work         ;
;       |alu1bit:16|                              ; 5 (0)             ; 0 (0)        ; 0           ; 0            ; 0       ; 0         ; 0    ; 0            ; |lab3top|alu8bits:47|alu1bit:16                                                                                       ; work         ;
;          |81mux:1|                              ; 3 (0)             ; 0 (0)        ; 0           ; 0            ; 0       ; 0         ; 0    ; 0            ; |lab3top|alu8bits:47|alu1bit:16|81mux:1                                                                               ; work         ;
;             |f81mux:sub|                        ; 3 (3)             ; 0 (0)        ; 0           ; 0            ; 0       ; 0         ; 0    ; 0            ; |lab3top|alu8bits:47|alu1bit:16|81mux:1|f81mux:sub                                                                    ; work         ;
;          |partialadder1bit:21|                  ; 2 (2)             ; 0 (0)        ; 0           ; 0            ; 0       ; 0         ; 0    ; 0            ; |lab3top|alu8bits:47|alu1bit:16|partialadder1bit:21                                                                   ; work         ;
;    |busmultiplexer:67|                          ; 34 (34)           ; 0 (0)        ; 0           ; 0            ; 0       ; 0         ; 0    ; 0            ; |lab3top|busmultiplexer:67                                                                                            ; work         ;
;    |controlregister:101|                        ; 0 (0)             ; 19 (19)      ; 0           ; 0            ; 0       ; 0         ; 0    ; 0            ; |lab3top|controlregister:101                                                                                          ; work         ;
;    |counter4bits:98|                            ; 5 (0)             ; 4 (0)        ; 0           ; 0            ; 0       ; 0         ; 0    ; 0            ; |lab3top|counter4bits:98                                                                                              ; work         ;
;       |counter1bit:33|                          ; 1 (1)             ; 1 (1)        ; 0           ; 0            ; 0       ; 0         ; 0    ; 0            ; |lab3top|counter4bits:98|counter1bit:33                                                                               ; work         ;
;       |counter1bit:34|                          ; 1 (1)             ; 1 (1)        ; 0           ; 0            ; 0       ; 0         ; 0    ; 0            ; |lab3top|counter4bits:98|counter1bit:34                                                                               ; work         ;
;       |counter1bit:35|                          ; 1 (1)             ; 1 (1)        ; 0           ; 0            ; 0       ; 0         ; 0    ; 0            ; |lab3top|counter4bits:98|counter1bit:35                                                                               ; work         ;
;       |counter1bit:36|                          ; 2 (2)             ; 1 (1)        ; 0           ; 0            ; 0       ; 0         ; 0    ; 0            ; |lab3top|counter4bits:98|counter1bit:36                                                                               ; work         ;
;    |counter8bits:58|                            ; 37 (0)            ; 8 (0)        ; 0           ; 0            ; 0       ; 0         ; 0    ; 0            ; |lab3top|counter8bits:58                                                                                              ; work         ;
;       |counter1bit:46|                          ; 5 (5)             ; 1 (1)        ; 0           ; 0            ; 0       ; 0         ; 0    ; 0            ; |lab3top|counter8bits:58|counter1bit:46                                                                               ; work         ;
;       |counter1bit:47|                          ; 5 (5)             ; 1 (1)        ; 0           ; 0            ; 0       ; 0         ; 0    ; 0            ; |lab3top|counter8bits:58|counter1bit:47                                                                               ; work         ;
;       |counter1bit:48|                          ; 4 (4)             ; 1 (1)        ; 0           ; 0            ; 0       ; 0         ; 0    ; 0            ; |lab3top|counter8bits:58|counter1bit:48                                                                               ; work         ;
;       |counter1bit:49|                          ; 6 (6)             ; 1 (1)        ; 0           ; 0            ; 0       ; 0         ; 0    ; 0            ; |lab3top|counter8bits:58|counter1bit:49                                                                               ; work         ;
;       |counter1bit:50|                          ; 4 (4)             ; 1 (1)        ; 0           ; 0            ; 0       ; 0         ; 0    ; 0            ; |lab3top|counter8bits:58|counter1bit:50                                                                               ; work         ;
;       |counter1bit:51|                          ; 4 (4)             ; 1 (1)        ; 0           ; 0            ; 0       ; 0         ; 0    ; 0            ; |lab3top|counter8bits:58|counter1bit:51                                                                               ; work         ;
;       |counter1bit:52|                          ; 4 (4)             ; 1 (1)        ; 0           ; 0            ; 0       ; 0         ; 0    ; 0            ; |lab3top|counter8bits:58|counter1bit:52                                                                               ; work         ;
;       |counter1bit:53|                          ; 5 (5)             ; 1 (1)        ; 0           ; 0            ; 0       ; 0         ; 0    ; 0            ; |lab3top|counter8bits:58|counter1bit:53                                                                               ; work         ;
;    |counter8bits:59|                            ; 15 (0)            ; 8 (0)        ; 0           ; 0            ; 0       ; 0         ; 0    ; 0            ; |lab3top|counter8bits:59                                                                                              ; work         ;
;       |counter1bit:46|                          ; 2 (2)             ; 1 (1)        ; 0           ; 0            ; 0       ; 0         ; 0    ; 0            ; |lab3top|counter8bits:59|counter1bit:46                                                                               ; work         ;
;       |counter1bit:47|                          ; 2 (2)             ; 1 (1)        ; 0           ; 0            ; 0       ; 0         ; 0    ; 0            ; |lab3top|counter8bits:59|counter1bit:47                                                                               ; work         ;
;       |counter1bit:48|                          ; 3 (3)             ; 1 (1)        ; 0           ; 0            ; 0       ; 0         ; 0    ; 0            ; |lab3top|counter8bits:59|counter1bit:48                                                                               ; work         ;
;       |counter1bit:49|                          ; 1 (1)             ; 1 (1)        ; 0           ; 0            ; 0       ; 0         ; 0    ; 0            ; |lab3top|counter8bits:59|counter1bit:49                                                                               ; work         ;
;       |counter1bit:50|                          ; 2 (2)             ; 1 (1)        ; 0           ; 0            ; 0       ; 0         ; 0    ; 0            ; |lab3top|counter8bits:59|counter1bit:50                                                                               ; work         ;
;       |counter1bit:51|                          ; 2 (2)             ; 1 (1)        ; 0           ; 0            ; 0       ; 0         ; 0    ; 0            ; |lab3top|counter8bits:59|counter1bit:51                                                                               ; work         ;
;       |counter1bit:52|                          ; 1 (1)             ; 1 (1)        ; 0           ; 0            ; 0       ; 0         ; 0    ; 0            ; |lab3top|counter8bits:59|counter1bit:52                                                                               ; work         ;
;       |counter1bit:53|                          ; 2 (2)             ; 1 (1)        ; 0           ; 0            ; 0       ; 0         ; 0    ; 0            ; |lab3top|counter8bits:59|counter1bit:53                                                                               ; work         ;
;    |counter8bits:60|                            ; 15 (0)            ; 8 (0)        ; 0           ; 0            ; 0       ; 0         ; 0    ; 0            ; |lab3top|counter8bits:60                                                                                              ; work         ;
;       |counter1bit:46|                          ; 2 (2)             ; 1 (1)        ; 0           ; 0            ; 0       ; 0         ; 0    ; 0            ; |lab3top|counter8bits:60|counter1bit:46                                                                               ; work         ;
;       |counter1bit:47|                          ; 2 (2)             ; 1 (1)        ; 0           ; 0            ; 0       ; 0         ; 0    ; 0            ; |lab3top|counter8bits:60|counter1bit:47                                                                               ; work         ;
;       |counter1bit:48|                          ; 3 (3)             ; 1 (1)        ; 0           ; 0            ; 0       ; 0         ; 0    ; 0            ; |lab3top|counter8bits:60|counter1bit:48                                                                               ; work         ;
;       |counter1bit:49|                          ; 1 (1)             ; 1 (1)        ; 0           ; 0            ; 0       ; 0         ; 0    ; 0            ; |lab3top|counter8bits:60|counter1bit:49                                                                               ; work         ;
;       |counter1bit:50|                          ; 2 (2)             ; 1 (1)        ; 0           ; 0            ; 0       ; 0         ; 0    ; 0            ; |lab3top|counter8bits:60|counter1bit:50                                                                               ; work         ;
;       |counter1bit:51|                          ; 2 (2)             ; 1 (1)        ; 0           ; 0            ; 0       ; 0         ; 0    ; 0            ; |lab3top|counter8bits:60|counter1bit:51                                                                               ; work         ;
;       |counter1bit:52|                          ; 1 (1)             ; 1 (1)        ; 0           ; 0            ; 0       ; 0         ; 0    ; 0            ; |lab3top|counter8bits:60|counter1bit:52                                                                               ; work         ;
;       |counter1bit:53|                          ; 2 (2)             ; 1 (1)        ; 0           ; 0            ; 0       ; 0         ; 0    ; 0            ; |lab3top|counter8bits:60|counter1bit:53                                                                               ; work         ;
;    |lab3controller:107|                         ; 34 (34)           ; 0 (0)        ; 0           ; 0            ; 0       ; 0         ; 0    ; 0            ; |lab3top|lab3controller:107                                                                                           ; work         ;
;    |ram256x8:104|                               ; 0 (0)             ; 0 (0)        ; 2048        ; 0            ; 0       ; 0         ; 0    ; 0            ; |lab3top|ram256x8:104                                                                                                 ; work         ;
;       |lpm_ram_dq:lpm_ram_dq_component|         ; 0 (0)             ; 0 (0)        ; 2048        ; 0            ; 0       ; 0         ; 0    ; 0            ; |lab3top|ram256x8:104|lpm_ram_dq:lpm_ram_dq_component                                                                 ; work         ;
;          |altram:sram|                          ; 0 (0)             ; 0 (0)        ; 2048        ; 0            ; 0       ; 0         ; 0    ; 0            ; |lab3top|ram256x8:104|lpm_ram_dq:lpm_ram_dq_component|altram:sram                                                     ; work         ;
;             |altsyncram:ram_block|              ; 0 (0)             ; 0 (0)        ; 2048        ; 0            ; 0       ; 0         ; 0    ; 0            ; |lab3top|ram256x8:104|lpm_ram_dq:lpm_ram_dq_component|altram:sram|altsyncram:ram_block                                ; work         ;
;                |altsyncram_7pa1:auto_generated| ; 0 (0)             ; 0 (0)        ; 2048        ; 0            ; 0       ; 0         ; 0    ; 0            ; |lab3top|ram256x8:104|lpm_ram_dq:lpm_ram_dq_component|altram:sram|altsyncram:ram_block|altsyncram_7pa1:auto_generated ; work         ;
;    |register1bit:100|                           ; 2 (2)             ; 1 (1)        ; 0           ; 0            ; 0       ; 0         ; 0    ; 0            ; |lab3top|register1bit:100                                                                                             ; work         ;
;    |register8bits:63|                           ; 0 (0)             ; 8 (0)        ; 0           ; 0            ; 0       ; 0         ; 0    ; 0            ; |lab3top|register8bits:63                                                                                             ; work         ;
;       |register1bit:23|                         ; 0 (0)             ; 1 (1)        ; 0           ; 0            ; 0       ; 0         ; 0    ; 0            ; |lab3top|register8bits:63|register1bit:23                                                                             ; work         ;
;       |register1bit:24|                         ; 0 (0)             ; 1 (1)        ; 0           ; 0            ; 0       ; 0         ; 0    ; 0            ; |lab3top|register8bits:63|register1bit:24                                                                             ; work         ;
;       |register1bit:25|                         ; 0 (0)             ; 1 (1)        ; 0           ; 0            ; 0       ; 0         ; 0    ; 0            ; |lab3top|register8bits:63|register1bit:25                                                                             ; work         ;
;       |register1bit:26|                         ; 0 (0)             ; 1 (1)        ; 0           ; 0            ; 0       ; 0         ; 0    ; 0            ; |lab3top|register8bits:63|register1bit:26                                                                             ; work         ;
;       |register1bit:27|                         ; 0 (0)             ; 1 (1)        ; 0           ; 0            ; 0       ; 0         ; 0    ; 0            ; |lab3top|register8bits:63|register1bit:27                                                                             ; work         ;
;       |register1bit:28|                         ; 0 (0)             ; 1 (1)        ; 0           ; 0            ; 0       ; 0         ; 0    ; 0            ; |lab3top|register8bits:63|register1bit:28                                                                             ; work         ;
;       |register1bit:29|                         ; 0 (0)             ; 1 (1)        ; 0           ; 0            ; 0       ; 0         ; 0    ; 0            ; |lab3top|register8bits:63|register1bit:29                                                                             ; work         ;
;       |register1bit:30|                         ; 0 (0)             ; 1 (1)        ; 0           ; 0            ; 0       ; 0         ; 0    ; 0            ; |lab3top|register8bits:63|register1bit:30                                                                             ; work         ;
;    |register8bits:64|                           ; 0 (0)             ; 8 (0)        ; 0           ; 0            ; 0       ; 0         ; 0    ; 0            ; |lab3top|register8bits:64                                                                                             ; work         ;
;       |register1bit:23|                         ; 0 (0)             ; 1 (1)        ; 0           ; 0            ; 0       ; 0         ; 0    ; 0            ; |lab3top|register8bits:64|register1bit:23                                                                             ; work         ;
;       |register1bit:24|                         ; 0 (0)             ; 1 (1)        ; 0           ; 0            ; 0       ; 0         ; 0    ; 0            ; |lab3top|register8bits:64|register1bit:24                                                                             ; work         ;
;       |register1bit:25|                         ; 0 (0)             ; 1 (1)        ; 0           ; 0            ; 0       ; 0         ; 0    ; 0            ; |lab3top|register8bits:64|register1bit:25                                                                             ; work         ;
;       |register1bit:26|                         ; 0 (0)             ; 1 (1)        ; 0           ; 0            ; 0       ; 0         ; 0    ; 0            ; |lab3top|register8bits:64|register1bit:26                                                                             ; work         ;
;       |register1bit:27|                         ; 0 (0)             ; 1 (1)        ; 0           ; 0            ; 0       ; 0         ; 0    ; 0            ; |lab3top|register8bits:64|register1bit:27                                                                             ; work         ;
;       |register1bit:28|                         ; 0 (0)             ; 1 (1)        ; 0           ; 0            ; 0       ; 0         ; 0    ; 0            ; |lab3top|register8bits:64|register1bit:28                                                                             ; work         ;
;       |register1bit:29|                         ; 0 (0)             ; 1 (1)        ; 0           ; 0            ; 0       ; 0         ; 0    ; 0            ; |lab3top|register8bits:64|register1bit:29                                                                             ; work         ;
;       |register1bit:30|                         ; 0 (0)             ; 1 (1)        ; 0           ; 0            ; 0       ; 0         ; 0    ; 0            ; |lab3top|register8bits:64|register1bit:30                                                                             ; work         ;
;    |register8bits:66|                           ; 0 (0)             ; 8 (0)        ; 0           ; 0            ; 0       ; 0         ; 0    ; 0            ; |lab3top|register8bits:66                                                                                             ; work         ;
;       |register1bit:23|                         ; 0 (0)             ; 1 (1)        ; 0           ; 0            ; 0       ; 0         ; 0    ; 0            ; |lab3top|register8bits:66|register1bit:23                                                                             ; work         ;
;       |register1bit:24|                         ; 0 (0)             ; 1 (1)        ; 0           ; 0            ; 0       ; 0         ; 0    ; 0            ; |lab3top|register8bits:66|register1bit:24                                                                             ; work         ;
;       |register1bit:25|                         ; 0 (0)             ; 1 (1)        ; 0           ; 0            ; 0       ; 0         ; 0    ; 0            ; |lab3top|register8bits:66|register1bit:25                                                                             ; work         ;
;       |register1bit:26|                         ; 0 (0)             ; 1 (1)        ; 0           ; 0            ; 0       ; 0         ; 0    ; 0            ; |lab3top|register8bits:66|register1bit:26                                                                             ; work         ;
;       |register1bit:27|                         ; 0 (0)             ; 1 (1)        ; 0           ; 0            ; 0       ; 0         ; 0    ; 0            ; |lab3top|register8bits:66|register1bit:27                                                                             ; work         ;
;       |register1bit:28|                         ; 0 (0)             ; 1 (1)        ; 0           ; 0            ; 0       ; 0         ; 0    ; 0            ; |lab3top|register8bits:66|register1bit:28                                                                             ; work         ;
;       |register1bit:29|                         ; 0 (0)             ; 1 (1)        ; 0           ; 0            ; 0       ; 0         ; 0    ; 0            ; |lab3top|register8bits:66|register1bit:29                                                                             ; work         ;
;       |register1bit:30|                         ; 0 (0)             ; 1 (1)        ; 0           ; 0            ; 0       ; 0         ; 0    ; 0            ; |lab3top|register8bits:66|register1bit:30                                                                             ; work         ;
;    |register8bits:69|                           ; 0 (0)             ; 8 (0)        ; 0           ; 0            ; 0       ; 0         ; 0    ; 0            ; |lab3top|register8bits:69                                                                                             ; work         ;
;       |register1bit:23|                         ; 0 (0)             ; 1 (1)        ; 0           ; 0            ; 0       ; 0         ; 0    ; 0            ; |lab3top|register8bits:69|register1bit:23                                                                             ; work         ;
;       |register1bit:24|                         ; 0 (0)             ; 1 (1)        ; 0           ; 0            ; 0       ; 0         ; 0    ; 0            ; |lab3top|register8bits:69|register1bit:24                                                                             ; work         ;
;       |register1bit:25|                         ; 0 (0)             ; 1 (1)        ; 0           ; 0            ; 0       ; 0         ; 0    ; 0            ; |lab3top|register8bits:69|register1bit:25                                                                             ; work         ;
;       |register1bit:26|                         ; 0 (0)             ; 1 (1)        ; 0           ; 0            ; 0       ; 0         ; 0    ; 0            ; |lab3top|register8bits:69|register1bit:26                                                                             ; work         ;
;       |register1bit:27|                         ; 0 (0)             ; 1 (1)        ; 0           ; 0            ; 0       ; 0         ; 0    ; 0            ; |lab3top|register8bits:69|register1bit:27                                                                             ; work         ;
;       |register1bit:28|                         ; 0 (0)             ; 1 (1)        ; 0           ; 0            ; 0       ; 0         ; 0    ; 0            ; |lab3top|register8bits:69|register1bit:28                                                                             ; work         ;
;       |register1bit:29|                         ; 0 (0)             ; 1 (1)        ; 0           ; 0            ; 0       ; 0         ; 0    ; 0            ; |lab3top|register8bits:69|register1bit:29                                                                             ; work         ;
;       |register1bit:30|                         ; 0 (0)             ; 1 (1)        ; 0           ; 0            ; 0       ; 0         ; 0    ; 0            ; |lab3top|register8bits:69|register1bit:30                                                                             ; work         ;
;    |sevensegcontroller:12|                      ; 14 (0)            ; 0 (0)        ; 0           ; 0            ; 0       ; 0         ; 0    ; 0            ; |lab3top|sevensegcontroller:12                                                                                        ; work         ;
;       |seg7:1|                                  ; 7 (7)             ; 0 (0)        ; 0           ; 0            ; 0       ; 0         ; 0    ; 0            ; |lab3top|sevensegcontroller:12|seg7:1                                                                                 ; work         ;
;       |seg7:2|                                  ; 7 (7)             ; 0 (0)        ; 0           ; 0            ; 0       ; 0         ; 0    ; 0            ; |lab3top|sevensegcontroller:12|seg7:2                                                                                 ; work         ;
+-------------------------------------------------+-------------------+--------------+-------------+--------------+---------+-----------+------+--------------+-----------------------------------------------------------------------------------------------------------------------+--------------+
Note: For table entries with two numbers listed, the numbers in parentheses indicate the number of resources of the given type used by the specific entity alone. The numbers listed outside of parentheses indicate the total resources of the given type used by the specific entity and all of its sub-entities in the hierarchy.


+---------------------------------------------------------------------------------------------------------------------------------------------------------------------------------------------------------------------------------------+
; Analysis & Synthesis RAM Summary                                                                                                                                                                                                      ;
+-------------------------------------------------------------------------------------------------------------------------+------+-------------+--------------+--------------+--------------+--------------+------+---------------------+
; Name                                                                                                                    ; Type ; Mode        ; Port A Depth ; Port A Width ; Port B Depth ; Port B Width ; Size ; MIF                 ;
+-------------------------------------------------------------------------------------------------------------------------+------+-------------+--------------+--------------+--------------+--------------+------+---------------------+
; ram256x8:104|lpm_ram_dq:lpm_ram_dq_component|altram:sram|altsyncram:ram_block|altsyncram_7pa1:auto_generated|ALTSYNCRAM ; AUTO ; Single Port ; 256          ; 8            ; --           ; --           ; 2048 ; memorycontents8.mif ;
+-------------------------------------------------------------------------------------------------------------------------+------+-------------+--------------+--------------+--------------+--------------+------+---------------------+


+------------------------------------------------------------------------------------------------------------------------------------------------------+
; Analysis & Synthesis IP Cores Summary                                                                                                                ;
+--------+--------------+---------+--------------+--------------+-----------------------+--------------------------------------------------------------+
; Vendor ; IP Core Name ; Version ; Release Date ; License Type ; Entity Instance       ; IP Include File                                              ;
+--------+--------------+---------+--------------+--------------+-----------------------+--------------------------------------------------------------+
; Altera ; LPM_RAM_DQ   ; N/A     ; N/A          ; N/A          ; |lab3top|ram256x8:104 ; C:/Users/iDarkDuck/Desktop/Software Prelab/Lab4/ram256x8.vhd ;
+--------+--------------+---------+--------------+--------------+-----------------------+--------------------------------------------------------------+


+------------------------------------------------------+
; General Register Statistics                          ;
+----------------------------------------------+-------+
; Statistic                                    ; Value ;
+----------------------------------------------+-------+
; Total registers                              ; 80    ;
; Number of registers using Synchronous Clear  ; 1     ;
; Number of registers using Synchronous Load   ; 3     ;
; Number of registers using Asynchronous Clear ; 0     ;
; Number of registers using Asynchronous Load  ; 0     ;
; Number of registers using Clock Enable       ; 24    ;
; Number of registers using Preset             ; 0     ;
+----------------------------------------------+-------+


+---------------------------------------------------------------------------------------------------------------------------------------------------------------------+
; Multiplexer Restructuring Statistics (Restructuring Performed)                                                                                                      ;
+--------------------+-----------+---------------+----------------------+------------------------+------------+-------------------------------------------------------+
; Multiplexer Inputs ; Bus Width ; Baseline Area ; Area if Restructured ; Saving if Restructured ; Registered ; Example Multiplexer Output                            ;
+--------------------+-----------+---------------+----------------------+------------------------+------------+-------------------------------------------------------+
; 8:1                ; 8 bits    ; 40 LEs        ; 32 LEs               ; 8 LEs                  ; No         ; |lab3top|busmultiplexer:67|Y[3]                       ;
; 6:1                ; 7 bits    ; 28 LEs        ; 28 LEs               ; 0 LEs                  ; No         ; |lab3top|alu8bits:47|alu1bit:13|81mux:1|f81mux:sub|81 ;
+--------------------+-----------+---------------+----------------------+------------------------+------------+-------------------------------------------------------+


+-------------------------------------------------------------------------------------------------------------------------------------+
; Source assignments for ram256x8:104|lpm_ram_dq:lpm_ram_dq_component|altram:sram|altsyncram:ram_block|altsyncram_7pa1:auto_generated ;
+---------------------------------+--------------------+------+-----------------------------------------------------------------------+
; Assignment                      ; Value              ; From ; To                                                                    ;
+---------------------------------+--------------------+------+-----------------------------------------------------------------------+
; OPTIMIZE_POWER_DURING_SYNTHESIS ; NORMAL_COMPILATION ; -    ; -                                                                     ;
+---------------------------------+--------------------+------+-----------------------------------------------------------------------+


+-------------------------------------------------------------------------------------------+
; Parameter Settings for User Entity Instance: ram256x8:104|lpm_ram_dq:lpm_ram_dq_component ;
+------------------------+---------------------+--------------------------------------------+
; Parameter Name         ; Value               ; Type                                       ;
+------------------------+---------------------+--------------------------------------------+
; LPM_WIDTH              ; 8                   ; Signed Integer                             ;
; LPM_WIDTHAD            ; 8                   ; Signed Integer                             ;
; LPM_NUMWORDS           ; 256                 ; Untyped                                    ;
; LPM_INDATA             ; REGISTERED          ; Untyped                                    ;
; LPM_ADDRESS_CONTROL    ; REGISTERED          ; Untyped                                    ;
; LPM_OUTDATA            ; UNREGISTERED        ; Untyped                                    ;
; LPM_FILE               ; memorycontents8.mif ; Untyped                                    ;
; USE_EAB                ; ON                  ; Untyped                                    ;
; DEVICE_FAMILY          ; Cyclone IV E        ; Untyped                                    ;
; CBXI_PARAMETER         ; NOTHING             ; Untyped                                    ;
; AUTO_CARRY_CHAINS      ; ON                  ; AUTO_CARRY                                 ;
; IGNORE_CARRY_BUFFERS   ; OFF                 ; IGNORE_CARRY                               ;
; AUTO_CASCADE_CHAINS    ; ON                  ; AUTO_CASCADE                               ;
; IGNORE_CASCADE_BUFFERS ; OFF                 ; IGNORE_CASCADE                             ;
+------------------------+---------------------+--------------------------------------------+
Note: In order to hide this table in the UI and the text report file, please set the "Show Parameter Settings in Synthesis Report" option in "Analysis and Synthesis Settings -> More Settings" to "Off".


+----------------------------------------------------------------------------+
; Parameter Settings for User Entity Instance: alu8bits:47|alu1bit:9|81mux:1 ;
+------------------------+--------------+------------------------------------+
; Parameter Name         ; Value        ; Type                               ;
+------------------------+--------------+------------------------------------+
; DEVICE_FAMILY          ; Cyclone IV E ; Untyped                            ;
; AUTO_CARRY_CHAINS      ; ON           ; AUTO_CARRY                         ;
; IGNORE_CARRY_BUFFERS   ; OFF          ; IGNORE_CARRY                       ;
; AUTO_CASCADE_CHAINS    ; ON           ; AUTO_CASCADE                       ;
; IGNORE_CASCADE_BUFFERS ; OFF          ; IGNORE_CASCADE                     ;
+------------------------+--------------+------------------------------------+
Note: In order to hide this table in the UI and the text report file, please set the "Show Parameter Settings in Synthesis Report" option in "Analysis and Synthesis Settings -> More Settings" to "Off".


+-----------------------------------------------------------------------------+
; Parameter Settings for User Entity Instance: alu8bits:47|alu1bit:10|81mux:1 ;
+------------------------+--------------+-------------------------------------+
; Parameter Name         ; Value        ; Type                                ;
+------------------------+--------------+-------------------------------------+
; DEVICE_FAMILY          ; Cyclone IV E ; Untyped                             ;
; AUTO_CARRY_CHAINS      ; ON           ; AUTO_CARRY                          ;
; IGNORE_CARRY_BUFFERS   ; OFF          ; IGNORE_CARRY                        ;
; AUTO_CASCADE_CHAINS    ; ON           ; AUTO_CASCADE                        ;
; IGNORE_CASCADE_BUFFERS ; OFF          ; IGNORE_CASCADE                      ;
+------------------------+--------------+-------------------------------------+
Note: In order to hide this table in the UI and the text report file, please set the "Show Parameter Settings in Synthesis Report" option in "Analysis and Synthesis Settings -> More Settings" to "Off".


+-----------------------------------------------------------------------------+
; Parameter Settings for User Entity Instance: alu8bits:47|alu1bit:11|81mux:1 ;
+------------------------+--------------+-------------------------------------+
; Parameter Name         ; Value        ; Type                                ;
+------------------------+--------------+-------------------------------------+
; DEVICE_FAMILY          ; Cyclone IV E ; Untyped                             ;
; AUTO_CARRY_CHAINS      ; ON           ; AUTO_CARRY                          ;
; IGNORE_CARRY_BUFFERS   ; OFF          ; IGNORE_CARRY                        ;
; AUTO_CASCADE_CHAINS    ; ON           ; AUTO_CASCADE                        ;
; IGNORE_CASCADE_BUFFERS ; OFF          ; IGNORE_CASCADE                      ;
+------------------------+--------------+-------------------------------------+
Note: In order to hide this table in the UI and the text report file, please set the "Show Parameter Settings in Synthesis Report" option in "Analysis and Synthesis Settings -> More Settings" to "Off".


+-----------------------------------------------------------------------------+
; Parameter Settings for User Entity Instance: alu8bits:47|alu1bit:12|81mux:1 ;
+------------------------+--------------+-------------------------------------+
; Parameter Name         ; Value        ; Type                                ;
+------------------------+--------------+-------------------------------------+
; DEVICE_FAMILY          ; Cyclone IV E ; Untyped                             ;
; AUTO_CARRY_CHAINS      ; ON           ; AUTO_CARRY                          ;
; IGNORE_CARRY_BUFFERS   ; OFF          ; IGNORE_CARRY                        ;
; AUTO_CASCADE_CHAINS    ; ON           ; AUTO_CASCADE                        ;
; IGNORE_CASCADE_BUFFERS ; OFF          ; IGNORE_CASCADE                      ;
+------------------------+--------------+-------------------------------------+
Note: In order to hide this table in the UI and the text report file, please set the "Show Parameter Settings in Synthesis Report" option in "Analysis and Synthesis Settings -> More Settings" to "Off".


+-----------------------------------------------------------------------------+
; Parameter Settings for User Entity Instance: alu8bits:47|alu1bit:16|81mux:1 ;
+------------------------+--------------+-------------------------------------+
; Parameter Name         ; Value        ; Type                                ;
+------------------------+--------------+-------------------------------------+
; DEVICE_FAMILY          ; Cyclone IV E ; Untyped                             ;
; AUTO_CARRY_CHAINS      ; ON           ; AUTO_CARRY                          ;
; IGNORE_CARRY_BUFFERS   ; OFF          ; IGNORE_CARRY                        ;
; AUTO_CASCADE_CHAINS    ; ON           ; AUTO_CASCADE                        ;
; IGNORE_CASCADE_BUFFERS ; OFF          ; IGNORE_CASCADE                      ;
+------------------------+--------------+-------------------------------------+
Note: In order to hide this table in the UI and the text report file, please set the "Show Parameter Settings in Synthesis Report" option in "Analysis and Synthesis Settings -> More Settings" to "Off".


+-----------------------------------------------------------------------------+
; Parameter Settings for User Entity Instance: alu8bits:47|alu1bit:15|81mux:1 ;
+------------------------+--------------+-------------------------------------+
; Parameter Name         ; Value        ; Type                                ;
+------------------------+--------------+-------------------------------------+
; DEVICE_FAMILY          ; Cyclone IV E ; Untyped                             ;
; AUTO_CARRY_CHAINS      ; ON           ; AUTO_CARRY                          ;
; IGNORE_CARRY_BUFFERS   ; OFF          ; IGNORE_CARRY                        ;
; AUTO_CASCADE_CHAINS    ; ON           ; AUTO_CASCADE                        ;
; IGNORE_CASCADE_BUFFERS ; OFF          ; IGNORE_CASCADE                      ;
+------------------------+--------------+-------------------------------------+
Note: In order to hide this table in the UI and the text report file, please set the "Show Parameter Settings in Synthesis Report" option in "Analysis and Synthesis Settings -> More Settings" to "Off".


+-----------------------------------------------------------------------------+
; Parameter Settings for User Entity Instance: alu8bits:47|alu1bit:14|81mux:1 ;
+------------------------+--------------+-------------------------------------+
; Parameter Name         ; Value        ; Type                                ;
+------------------------+--------------+-------------------------------------+
; DEVICE_FAMILY          ; Cyclone IV E ; Untyped                             ;
; AUTO_CARRY_CHAINS      ; ON           ; AUTO_CARRY                          ;
; IGNORE_CARRY_BUFFERS   ; OFF          ; IGNORE_CARRY                        ;
; AUTO_CASCADE_CHAINS    ; ON           ; AUTO_CASCADE                        ;
; IGNORE_CASCADE_BUFFERS ; OFF          ; IGNORE_CASCADE                      ;
+------------------------+--------------+-------------------------------------+
Note: In order to hide this table in the UI and the text report file, please set the "Show Parameter Settings in Synthesis Report" option in "Analysis and Synthesis Settings -> More Settings" to "Off".


+-----------------------------------------------------------------------------+
; Parameter Settings for User Entity Instance: alu8bits:47|alu1bit:13|81mux:1 ;
+------------------------+--------------+-------------------------------------+
; Parameter Name         ; Value        ; Type                                ;
+------------------------+--------------+-------------------------------------+
; DEVICE_FAMILY          ; Cyclone IV E ; Untyped                             ;
; AUTO_CARRY_CHAINS      ; ON           ; AUTO_CARRY                          ;
; IGNORE_CARRY_BUFFERS   ; OFF          ; IGNORE_CARRY                        ;
; AUTO_CASCADE_CHAINS    ; ON           ; AUTO_CASCADE                        ;
; IGNORE_CASCADE_BUFFERS ; OFF          ; IGNORE_CASCADE                      ;
+------------------------+--------------+-------------------------------------+
Note: In order to hide this table in the UI and the text report file, please set the "Show Parameter Settings in Synthesis Report" option in "Analysis and Synthesis Settings -> More Settings" to "Off".


+-------------------------------+
; Elapsed Time Per Partition    ;
+----------------+--------------+
; Partition Name ; Elapsed Time ;
+----------------+--------------+
; Top            ; 00:00:02     ;
+----------------+--------------+


+-------------------------------+
; Analysis & Synthesis Messages ;
+-------------------------------+
Info: *******************************************************************
Info: Running Quartus II 64-Bit Analysis & Synthesis
    Info: Version 13.0.1 Build 232 06/12/2013 Service Pack 1 SJ Web Edition
    Info: Processing started: Tue Nov 28 15:08:00 2017
Info: Command: quartus_map --read_settings_files=on --write_settings_files=off Lab4 -c Lab4
Warning (20028): Parallel compilation is not licensed and has been disabled
Info (12021): Found 1 design units, including 1 entities, in source file /users/idarkduck/desktop/software prelab/lab4/lab3controller.bdf
    Info (12023): Found entity 1: lab3controller
Info (12021): Found 1 design units, including 1 entities, in source file /users/idarkduck/desktop/software prelab/lab4/sevensegcontroller.bdf
    Info (12023): Found entity 1: sevensegcontroller
Info (12021): Found 2 design units, including 1 entities, in source file /users/idarkduck/desktop/software prelab/lab4/seg7.vhd
    Info (12022): Found design unit 1: SEG7-display
    Info (12023): Found entity 1: seg7
Info (12021): Found 1 design units, including 1 entities, in source file /users/idarkduck/desktop/software prelab/lab4/register8bits.bdf
    Info (12023): Found entity 1: register8bits
Info (12021): Found 1 design units, including 1 entities, in source file /users/idarkduck/desktop/software prelab/lab4/register1bit.bdf
    Info (12023): Found entity 1: register1bit
Info (12021): Found 2 design units, including 1 entities, in source file /users/idarkduck/desktop/software prelab/lab4/ram256x8.vhd
    Info (12022): Found design unit 1: ram256x8-SYN
    Info (12023): Found entity 1: ram256x8
Info (12021): Found 1 design units, including 1 entities, in source file /users/idarkduck/desktop/software prelab/lab4/partialadder1bit.bdf
    Info (12023): Found entity 1: partialadder1bit
Info (12021): Found 1 design units, including 1 entities, in source file /users/idarkduck/desktop/software prelab/lab4/lab3top.bdf
    Info (12023): Found entity 1: lab3top
Info (12021): Found 1 design units, including 1 entities, in source file /users/idarkduck/desktop/software prelab/lab4/fulladder1bit.bdf
    Info (12023): Found entity 1: fulladder1bit
Info (12021): Found 1 design units, including 1 entities, in source file /users/idarkduck/desktop/software prelab/lab4/counter8bits.bdf
    Info (12023): Found entity 1: counter8bits
Info (12021): Found 1 design units, including 1 entities, in source file /users/idarkduck/desktop/software prelab/lab4/counter4bits.bdf
    Info (12023): Found entity 1: counter4bits
Info (12021): Found 1 design units, including 1 entities, in source file /users/idarkduck/desktop/software prelab/lab4/counter1bit.bdf
    Info (12023): Found entity 1: counter1bit
Info (12021): Found 1 design units, including 1 entities, in source file /users/idarkduck/desktop/software prelab/lab4/controlregister.bdf
    Info (12023): Found entity 1: controlregister
Info (12021): Found 2 design units, including 1 entities, in source file /users/idarkduck/desktop/software prelab/lab4/busmultiplexer.vhd
    Info (12022): Found design unit 1: busmultiplexer-busmuxarch
    Info (12023): Found entity 1: busmultiplexer
Info (12021): Found 1 design units, including 1 entities, in source file /users/idarkduck/desktop/software prelab/lab4/alu8bits.bdf
    Info (12023): Found entity 1: alu8bits
Info (12021): Found 1 design units, including 1 entities, in source file /users/idarkduck/desktop/software prelab/lab4/alu1bit.bdf
    Info (12023): Found entity 1: alu1bit
Info (12127): Elaborating entity "lab3top" for the top level hierarchy
Warning (275083): Bus "DIP7" found using same base name as "DIP7", which might lead to a name conflict.
Warning (275080): Converted elements in bus name "DIP" using legacy naming rules. Make any assignments on the new names, not on the original names.
    Warning (275081): Converted element name(s) from "DIP[7..0]" to "DIP7..0"
Info (12128): Elaborating entity "sevensegcontroller" for hierarchy "sevensegcontroller:12"
Info (12128): Elaborating entity "seg7" for hierarchy "sevensegcontroller:12|seg7:2"
Info (12128): Elaborating entity "register8bits" for hierarchy "register8bits:66"
Info (12128): Elaborating entity "register1bit" for hierarchy "register8bits:66|register1bit:23"
Info (12128): Elaborating entity "controlregister" for hierarchy "controlregister:101"
Info (12128): Elaborating entity "lab3controller" for hierarchy "lab3controller:107"
Warning (275009): Pin "T4" not connected
Warning (275008): Primitive "VCC" of instance "28" not used
Warning (275008): Primitive "GND" of instance "29" not used
Warning (275008): Primitive "AND2" of instance "inst46" not used
Info (12128): Elaborating entity "busmultiplexer" for hierarchy "busmultiplexer:67"
Info (12128): Elaborating entity "ram256x8" for hierarchy "ram256x8:104"
Info (12128): Elaborating entity "lpm_ram_dq" for hierarchy "ram256x8:104|lpm_ram_dq:lpm_ram_dq_component"
Info (12130): Elaborated megafunction instantiation "ram256x8:104|lpm_ram_dq:lpm_ram_dq_component"
Info (12133): Instantiated megafunction "ram256x8:104|lpm_ram_dq:lpm_ram_dq_component" with the following parameter:
    Info (12134): Parameter "lpm_address_control" = "REGISTERED"
    Info (12134): Parameter "lpm_file" = "memorycontents8.mif"
    Info (12134): Parameter "lpm_indata" = "REGISTERED"
    Info (12134): Parameter "lpm_outdata" = "UNREGISTERED"
    Info (12134): Parameter "lpm_type" = "LPM_RAM_DQ"
    Info (12134): Parameter "lpm_width" = "8"
    Info (12134): Parameter "lpm_widthad" = "8"
Info (12128): Elaborating entity "altram" for hierarchy "ram256x8:104|lpm_ram_dq:lpm_ram_dq_component|altram:sram"
Warning (287001): Assertion warning: altram does not support Cyclone IV E device family -- attempting best-case memory conversions, but power-up states and read during write behavior will be different for Cyclone IV E devices
Info (12131): Elaborated megafunction instantiation "ram256x8:104|lpm_ram_dq:lpm_ram_dq_component|altram:sram", which is child of megafunction instantiation "ram256x8:104|lpm_ram_dq:lpm_ram_dq_component"
Info (12128): Elaborating entity "altsyncram" for hierarchy "ram256x8:104|lpm_ram_dq:lpm_ram_dq_component|altram:sram|altsyncram:ram_block"
Info (12131): Elaborated megafunction instantiation "ram256x8:104|lpm_ram_dq:lpm_ram_dq_component|altram:sram|altsyncram:ram_block", which is child of megafunction instantiation "ram256x8:104|lpm_ram_dq:lpm_ram_dq_component"
Info (12021): Found 1 design units, including 1 entities, in source file db/altsyncram_7pa1.tdf
    Info (12023): Found entity 1: altsyncram_7pa1
Info (12128): Elaborating entity "altsyncram_7pa1" for hierarchy "ram256x8:104|lpm_ram_dq:lpm_ram_dq_component|altram:sram|altsyncram:ram_block|altsyncram_7pa1:auto_generated"
Info (12128): Elaborating entity "counter8bits" for hierarchy "counter8bits:60"
Info (12128): Elaborating entity "counter1bit" for hierarchy "counter8bits:60|counter1bit:49"
Info (12128): Elaborating entity "alu8bits" for hierarchy "alu8bits:47"
Info (12128): Elaborating entity "alu1bit" for hierarchy "alu8bits:47|alu1bit:9"
Info (12128): Elaborating entity "81mux" for hierarchy "alu8bits:47|alu1bit:9|81mux:1"
Info (12130): Elaborated megafunction instantiation "alu8bits:47|alu1bit:9|81mux:1"
Info (12128): Elaborating entity "f81mux" for hierarchy "alu8bits:47|alu1bit:9|81mux:1|f81mux:sub"
Info (12131): Elaborated megafunction instantiation "alu8bits:47|alu1bit:9|81mux:1|f81mux:sub", which is child of megafunction instantiation "alu8bits:47|alu1bit:9|81mux:1"
Info (12128): Elaborating entity "partialadder1bit" for hierarchy "alu8bits:47|alu1bit:9|partialadder1bit:21"
Info (12128): Elaborating entity "74182" for hierarchy "alu8bits:47|74182:2"
Info (12130): Elaborated megafunction instantiation "alu8bits:47|74182:2"
Info (12128): Elaborating entity "16dmux" for hierarchy "16dmux:99"
Info (12130): Elaborated megafunction instantiation "16dmux:99"
Info (12128): Elaborating entity "counter4bits" for hierarchy "counter4bits:98"
Info (13014): Ignored 16 buffer(s)
    Info (13017): Ignored 16 CASCADE buffer(s)
Info (286030): Timing-Driven Synthesis is running
Info (16010): Generating hard_block partition "hard_block:auto_generated_inst"
    Info (16011): Adding 0 node(s), including 0 DDIO, 0 PLL, 0 transceiver and 0 LCELL
Info (21057): Implemented 320 device resources after synthesis - the final resource count might be different
    Info (21058): Implemented 11 input pins
    Info (21059): Implemented 51 output pins
    Info (21061): Implemented 250 logic cells
    Info (21064): Implemented 8 RAM segments
Info: Quartus II 64-Bit Analysis & Synthesis was successful. 0 errors, 9 warnings
    Info: Peak virtual memory: 532 megabytes
    Info: Processing ended: Tue Nov 28 15:08:05 2017
    Info: Elapsed time: 00:00:05
    Info: Total CPU time (on all processors): 00:00:04


